# JRE version: OpenJDK Runtime Environment (8.0_76-b03) (build 1.8.0_76-release-b03)
# Java VM: OpenJDK 64-Bit Server VM (25.76-b03 mixed mode linux-amd64 compressed oops)
Heap:
 PSYoungGen      total 381440K, used 36338K [0x00000000e0000000, 0x00000000f9800000, 0x0000000100000000)
  eden space 345088K, 0% used [0x00000000e0000000,0x00000000e0000000,0x00000000f5100000)
  from space 36352K, 99% used [0x00000000f5100000,0x00000000f747c898,0x00000000f7480000)
  to   space 30720K, 0% used [0x00000000f7a00000,0x00000000f7a00000,0x00000000f9800000)
 ParOldGen       total 165376K, used 72952K [0x00000000a0000000, 0x00000000aa180000, 0x00000000e0000000)
  object space 165376K, 44% used [0x00000000a0000000,0x00000000a473e150,0x00000000aa180000)
 Metaspace       used 71022K, capacity 74030K, committed 74240K, reserved 1114112K
  class space    used 9135K, capacity 9719K, committed 9728K, reserved 1048576K
GC Heap History (10 events):
Event: 846.580 GC heap after
Heap after GC invocations=34 (full 5):
 PSYoungGen      total 328192K, used 19969K [0x00000000e0000000, 0x00000000f7b80000, 0x0000000100000000)
  eden space 307712K, 0% used [0x00000000e0000000,0x00000000e0000000,0x00000000f2c80000)
  from space 20480K, 97% used [0x00000000f2c80000,0x00000000f4000408,0x00000000f4080000)
  to   space 40448K, 0% used [0x00000000f5400000,0x00000000f5400000,0x00000000f7b80000)
 ParOldGen       total 165376K, used 38120K [0x00000000a0000000, 0x00000000aa180000, 0x00000000e0000000)
  object space 165376K, 23% used [0x00000000a0000000,0x00000000a253a048,0x00000000aa180000)
 Metaspace       used 69221K, capacity 71834K, committed 72192K, reserved 1112064K
  class space    used 9053K, capacity 9603K, committed 9728K, reserved 1048576K
}
Event: 846.581 GC heap before
{Heap before GC invocations=35 (full 6):
 PSYoungGen      total 328192K, used 19969K [0x00000000e0000000, 0x00000000f7b80000, 0x0000000100000000)
  eden space 307712K, 0% used [0x00000000e0000000,0x00000000e0000000,0x00000000f2c80000)
  from space 20480K, 97% used [0x00000000f2c80000,0x00000000f4000408,0x00000000f4080000)
  to   space 40448K, 0% used [0x00000000f5400000,0x00000000f5400000,0x00000000f7b80000)
 ParOldGen       total 165376K, used 38120K [0x00000000a0000000, 0x00000000aa180000, 0x00000000e0000000)
  object space 165376K, 23% used [0x00000000a0000000,0x00000000a253a048,0x00000000aa180000)
 Metaspace       used 69221K, capacity 71834K, committed 72192K, reserved 1112064K
  class space    used 9053K, capacity 9603K, committed 9728K, reserved 1048576K
Event: 847.060 GC heap after
Heap after GC invocations=35 (full 6):
 PSYoungGen      total 328192K, used 0K [0x00000000e0000000, 0x00000000f7b80000, 0x0000000100000000)
  eden space 307712K, 0% used [0x00000000e0000000,0x00000000e0000000,0x00000000f2c80000)
  from space 20480K, 0% used [0x00000000f2c80000,0x00000000f2c80000,0x00000000f4080000)
  to   space 40448K, 0% used [0x00000000f5400000,0x00000000f5400000,0x00000000f7b80000)
 ParOldGen       total 165376K, used 56490K [0x00000000a0000000, 0x00000000aa180000, 0x00000000e0000000)
  object space 165376K, 34% used [0x00000000a0000000,0x00000000a372a9c8,0x00000000aa180000)
 Metaspace       used 69221K, capacity 71834K, committed 72192K, reserved 1112064K
  class space    used 9053K, capacity 9603K, committed 9728K, reserved 1048576K
}
Event: 918.508 GC heap before
{Heap before GC invocations=36 (full 6):
 PSYoungGen      total 328192K, used 307712K [0x00000000e0000000, 0x00000000f7b80000, 0x0000000100000000)
  eden space 307712K, 100% used [0x00000000e0000000,0x00000000f2c80000,0x00000000f2c80000)
  from space 20480K, 0% used [0x00000000f2c80000,0x00000000f2c80000,0x00000000f4080000)
  to   space 40448K, 0% used [0x00000000f5400000,0x00000000f5400000,0x00000000f7b80000)
 ParOldGen       total 165376K, used 56490K [0x00000000a0000000, 0x00000000aa180000, 0x00000000e0000000)
  object space 165376K, 34% used [0x00000000a0000000,0x00000000a372a9c8,0x00000000aa180000)
 Metaspace       used 69888K, capacity 72610K, committed 72960K, reserved 1112064K
  class space    used 9073K, capacity 9629K, committed 9728K, reserved 1048576K
Event: 918.619 GC heap after
Heap after GC invocations=36 (full 6):
 PSYoungGen      total 349696K, used 8720K [0x00000000e0000000, 0x00000000fa580000, 0x0000000100000000)
  eden space 309248K, 0% used [0x00000000e0000000,0x00000000e0000000,0x00000000f2e00000)
  from space 40448K, 21% used [0x00000000f5400000,0x00000000f5c84010,0x00000000f7b80000)
  to   space 38912K, 0% used [0x00000000f2e00000,0x00000000f2e00000,0x00000000f5400000)
 ParOldGen       total 165376K, used 56498K [0x00000000a0000000, 0x00000000aa180000, 0x00000000e0000000)
  object space 165376K, 34% used [0x00000000a0000000,0x00000000a372c9c8,0x00000000aa180000)
 Metaspace       used 69888K, capacity 72610K, committed 72960K, reserved 1112064K
  class space    used 9073K, capacity 9629K, committed 9728K, reserved 1048576K
}
Event: 1049.551 GC heap before
{Heap before GC invocations=37 (full 6):
 PSYoungGen      total 349696K, used 317968K [0x00000000e0000000, 0x00000000fa580000, 0x0000000100000000)
  eden space 309248K, 100% used [0x00000000e0000000,0x00000000f2e00000,0x00000000f2e00000)
  from space 40448K, 21% used [0x00000000f5400000,0x00000000f5c84010,0x00000000f7b80000)
  to   space 38912K, 0% used [0x00000000f2e00000,0x00000000f2e00000,0x00000000f5400000)
 ParOldGen       total 165376K, used 56498K [0x00000000a0000000, 0x00000000aa180000, 0x00000000e0000000)
  object space 165376K, 34% used [0x00000000a0000000,0x00000000a372c9c8,0x00000000aa180000)
 Metaspace       used 70469K, capacity 73348K, committed 73472K, reserved 1114112K
  class space    used 9100K, capacity 9670K, committed 9728K, reserved 1048576K
Event: 1049.764 GC heap after
Heap after GC invocations=37 (full 6):
 PSYoungGen      total 348160K, used 7232K [0x00000000e0000000, 0x00000000f9f00000, 0x0000000100000000)
  eden space 309248K, 0% used [0x00000000e0000000,0x00000000e0000000,0x00000000f2e00000)
  from space 38912K, 18% used [0x00000000f2e00000,0x00000000f3510000,0x00000000f5400000)
  to   space 37888K, 0% used [0x00000000f7a00000,0x00000000f7a00000,0x00000000f9f00000)
 ParOldGen       total 165376K, used 58558K [0x00000000a0000000, 0x00000000aa180000, 0x00000000e0000000)
  object space 165376K, 35% used [0x00000000a0000000,0x00000000a392fa28,0x00000000aa180000)
 Metaspace       used 70469K, capacity 73348K, committed 73472K, reserved 1114112K
  class space    used 9100K, capacity 9670K, committed 9728K, reserved 1048576K
}
Event: 1053.970 GC heap before
{Heap before GC invocations=38 (full 6):
 PSYoungGen      total 348160K, used 316480K [0x00000000e0000000, 0x00000000f9f00000, 0x0000000100000000)
  eden space 309248K, 100% used [0x00000000e0000000,0x00000000f2e00000,0x00000000f2e00000)
  from space 38912K, 18% used [0x00000000f2e00000,0x00000000f3510000,0x00000000f5400000)
  to   space 37888K, 0% used [0x00000000f7a00000,0x00000000f7a00000,0x00000000f9f00000)
 ParOldGen       total 165376K, used 58558K [0x00000000a0000000, 0x00000000aa180000, 0x00000000e0000000)
  object space 165376K, 35% used [0x00000000a0000000,0x00000000a392fa28,0x00000000aa180000)
 Metaspace       used 71014K, capacity 74030K, committed 74240K, reserved 1114112K
  class space    used 9135K, capacity 9719K, committed 9728K, reserved 1048576K
Event: 1054.007 GC heap after
Heap after GC invocations=38 (full 6):
 PSYoungGen      total 375808K, used 7832K [0x00000000e0000000, 0x00000000f9800000, 0x0000000100000000)
  eden space 345088K, 0% used [0x00000000e0000000,0x00000000e0000000,0x00000000f5100000)
  from space 30720K, 25% used [0x00000000f7a00000,0x00000000f81a6238,0x00000000f9800000)
  to   space 36352K, 0% used [0x00000000f5100000,0x00000000f5100000,0x00000000f7480000)
 ParOldGen       total 165376K, used 58566K [0x00000000a0000000, 0x00000000aa180000, 0x00000000e0000000)
  object space 165376K, 35% used [0x00000000a0000000,0x00000000a3931a28,0x00000000aa180000)
 Metaspace       used 71014K, capacity 74030K, committed 74240K, reserved 1114112K
  class space    used 9135K, capacity 9719K, committed 9728K, reserved 1048576K
}
Event: 1054.649 GC heap before
{Heap before GC invocations=39 (full 6):
 PSYoungGen      total 375808K, used 352920K [0x00000000e0000000, 0x00000000f9800000, 0x0000000100000000)
  eden space 345088K, 100% used [0x00000000e0000000,0x00000000f5100000,0x00000000f5100000)
  from space 30720K, 25% used [0x00000000f7a00000,0x00000000f81a6238,0x00000000f9800000)
  to   space 36352K, 0% used [0x00000000f5100000,0x00000000f5100000,0x00000000f7480000)
 ParOldGen       total 165376K, used 58566K [0x00000000a0000000, 0x00000000aa180000, 0x00000000e0000000)
  object space 165376K, 35% used [0x00000000a0000000,0x00000000a3931a28,0x00000000aa180000)
 Metaspace       used 71022K, capacity 74030K, committed 74240K, reserved 1114112K
  class space    used 9135K, capacity 9719K, committed 9728K, reserved 1048576K

